2022-10-09 08:40:13: Graceful shutdown failed!!! Did you change the root's password? - trying to force it shutdown...
ERROR: 
2022-10-09 14:08:46: Could not file correspond mod_fcgid for Apache
2022-10-09 14:08:47: Could not file correspond mod_fcgid for Apache
2022-10-09 14:09:23: Could not file correspond mod_fcgid for Apache
2022-10-09 14:09:24: Could not file correspond mod_fcgid for Apache
2022-10-09 14:09:24: Could not file correspond mod_fcgid for Apache
2022-10-09 14:09:24: SSL: Signature ok
subject=C = SG, ST = Singapore, L = Singapore, O = Laragon, OU = IT, CN = laragon
Getting Private key

2022-10-09 14:10:52: Could not file correspond mod_fcgid for Apache
2022-10-09 14:10:52: Could not file correspond mod_fcgid for Apache
2022-10-09 14:12:15: Could not file correspond mod_fcgid for Apache
2022-10-09 14:12:18: Could not file correspond mod_fcgid for Apache
2022-10-09 14:12:18: Could not file correspond mod_fcgid for Apache
2022-10-09 14:12:44: Could not file correspond mod_fcgid for Apache
2022-10-09 14:35:54: Could not file correspond mod_fcgid for Apache
2022-10-09 14:37:11: Could not file correspond mod_fcgid for Apache
2022-10-09 14:37:23: Could not file correspond mod_fcgid for Apache
2022-10-09 14:38:48: Could not file correspond mod_fcgid for Apache
